/*C2*/SET SCHEMA PUBLIC
INSERT INTO PROPERTY VALUES(341,2,'DAMAGED','Instance damaged or not','String')
COMMIT
ALTER SEQUENCE PUBLIC.PROPERTY_ID_SEQ RESTART WITH 342
INSERT INTO ITEM_INSTANCE_PROPERTY VALUES(54580,27241,341,'Yes')
COMMIT
ALTER SEQUENCE PUBLIC.ITEM_INSTANCE_PROPERTY_ID_SEQ RESTART WITH 54581
/*C3*/SET SCHEMA PUBLIC
DISCONNECT
/*C4*/SET SCHEMA PUBLIC
DISCONNECT
/*C5*/SET SCHEMA PUBLIC
DISCONNECT
/*C6*/SET SCHEMA PUBLIC
DISCONNECT
/*C7*/SET SCHEMA PUBLIC
DISCONNECT
/*C8*/SET SCHEMA PUBLIC
DISCONNECT
/*C9*/SET SCHEMA PUBLIC
DISCONNECT
/*C10*/SET SCHEMA PUBLIC
DISCONNECT
/*C11*/SET SCHEMA PUBLIC
DISCONNECT
/*C12*/SET SCHEMA PUBLIC
ALTER SEQUENCE PUBLIC.MEMBER_ID_SEQ RESTART WITH 224
INSERT INTO MEMBER VALUES(223,'Steve','Jobs','stevejobs@apple.com','apple123')
COMMIT
DELETE FROM MEMBER WHERE ID=223
COMMIT
DISCONNECT
/*C13*/SET SCHEMA PUBLIC
DISCONNECT
/*C14*/SET SCHEMA PUBLIC
ALTER SEQUENCE PUBLIC.MEMBER_ID_SEQ RESTART WITH 225
INSERT INTO MEMBER VALUES(224,'Steve','Jobs','stevejobs@apple.com','apple123')
COMMIT
DELETE FROM MEMBER WHERE ID=224
COMMIT
DISCONNECT
/*C15*/SET SCHEMA PUBLIC
DISCONNECT
/*C16*/SET SCHEMA PUBLIC
ALTER SEQUENCE PUBLIC.MEMBER_ID_SEQ RESTART WITH 226
INSERT INTO MEMBER VALUES(225,'Steve','Jobs','stevejobs@apple.com','apple123')
COMMIT
DELETE FROM MEMBER WHERE ID=225
COMMIT
DISCONNECT
